<?xml version="1.0" encoding="UTF-8"?>
<!-- Generated by org.testng.reporters.JUnitReportReporter -->
<testsuite hostname="Dudu-PC" failures="0" tests="10" name="br.com.sicredi.automacao.restricao.RestricoesTest" time="1.161" errors="0" timestamp="2023-03-05T13:46:18 BRT" skipped="0">
  <testcase classname="br.com.sicredi.automacao.restricao.RestricoesTest" name="test_07" time="0.015"/>
  <system-out/>
  <testcase classname="br.com.sicredi.automacao.restricao.RestricoesTest" name="test_06" time="0.014"/>
  <system-out/>
  <testcase classname="br.com.sicredi.automacao.restricao.RestricoesTest" name="test_10" time="0.013"/>
  <system-out/>
  <testcase classname="br.com.sicredi.automacao.restricao.RestricoesTest" name="test_02" time="0.015"/>
  <system-out/>
  <testcase classname="br.com.sicredi.automacao.restricao.RestricoesTest" name="test_08" time="0.013"/>
  <system-out/>
  <testcase classname="br.com.sicredi.automacao.restricao.RestricoesTest" name="test_09" time="0.013"/>
  <system-out/>
  <testcase classname="br.com.sicredi.automacao.restricao.RestricoesTest" name="test_04" time="0.014"/>
  <system-out/>
  <testcase classname="br.com.sicredi.automacao.restricao.RestricoesTest" name="test_03" time="0.014"/>
  <system-out/>
  <testcase classname="br.com.sicredi.automacao.restricao.RestricoesTest" name="test_05" time="0.013"/>
  <system-out/>
  <testcase classname="br.com.sicredi.automacao.restricao.RestricoesTest" name="test_01" time="1.037"/>
  <system-out/>
</testsuite> <!-- br.com.sicredi.automacao.restricao.RestricoesTest -->
